l:\fireflies\fireflies\debug\vc140.pdb
c:\users\user\desktop\fireflies\fireflies\debug\vc140.pdb
c:\users\user\desktop\fireflies\fireflies\debug\vc140.idb
c:\users\user\desktop\fireflies\fireflies\debug\bloommanager.obj
c:\users\user\desktop\fireflies\fireflies\debug\fireflymanager.obj
c:\users\user\desktop\fireflies\fireflies\debug\lightmanager.obj
c:\users\user\desktop\fireflies\fireflies\debug\main.obj
c:\users\user\desktop\fireflies\fireflies\debug\normalmappingmanager.obj
c:\users\user\desktop\fireflies\fireflies\debug\rt3d.obj
c:\users\user\desktop\fireflies\fireflies\debug\rt3dobjloader.obj
c:\users\user\desktop\fireflies\fireflies\debug\skybox.obj
c:\users\user\desktop\fireflies\fireflies\debug\soundmanager.obj
c:\users\user\desktop\fireflies\fireflies\debug\spotlightmanager.obj
c:\users\user\desktop\fireflies\fireflies\debug\particlearray.obj
l:\fireflies\debug\fireflies.ilk
l:\fireflies\debug\fireflies.exe
l:\fireflies\debug\fireflies.pdb
c:\users\user\desktop\fireflies\debug\fireflies.ilk
c:\users\user\desktop\fireflies\debug\fireflies.exe
c:\users\user\desktop\fireflies\debug\fireflies.pdb
c:\users\user\desktop\fireflies\fireflies\debug\fireflies.tlog\cl.command.1.tlog
c:\users\user\desktop\fireflies\fireflies\debug\fireflies.tlog\cl.read.1.tlog
c:\users\user\desktop\fireflies\fireflies\debug\fireflies.tlog\cl.write.1.tlog
c:\users\user\desktop\fireflies\fireflies\debug\fireflies.tlog\link.command.1.tlog
c:\users\user\desktop\fireflies\fireflies\debug\fireflies.tlog\link.read.1.tlog
c:\users\user\desktop\fireflies\fireflies\debug\fireflies.tlog\link.write.1.tlog
