Build started 13/12/2015 10:45:20.
     1>Project "C:\Users\Mikey\Desktop\Fireflies\Fireflies\Fireflies.vcxproj" on node 2 (Build target(s)).
     1>ClCompile:
         C:\Program Files (x86)\Microsoft Visual Studio 14.0\VC\bin\CL.exe /c /I"C:\Users\B00254398.UWS-STUDENT.000\Desktop\test-fireflies\Fireflies\Dependencies\Include" /I"C:\dev\SDL2 plugins\include" /I"C:\dev\glm-0.9.7.1\glm" /I"C:\dev\glew-1.13.0\include\\" /I"C:\dev\SDL2-2.0.3\include" /ZI /nologo /W3 /WX- /sdl /Od /Oy- /D _MBCS /Gm /EHsc /RTC1 /MDd /GS /fp:precise /Zc:wchar_t /Zc:forScope /Zc:inline /Fo"Debug\\" /Fd"Debug\vc140.pdb" /Gd /TP /analyze- /errorReport:prompt main.cpp
         main.cpp
       Link:
         C:\Program Files (x86)\Microsoft Visual Studio 14.0\VC\bin\link.exe /ERRORREPORT:PROMPT /OUT:"C:\Users\Mikey\Desktop\Fireflies\Debug\Fireflies.exe" /INCREMENTAL /NOLOGO /LIBPATH:"C:\Users\B00254398.UWS-STUDENT.000\Desktop\test-fireflies\Fireflies\Dependencies\libraries" /LIBPATH:"C:\dev\SDL2 plugins\lib\x86" /LIBPATH:"C:\dev\glew-1.13.0\lib\Release\Win32" /LIBPATH:"C:\dev\SDL2-2.0.3\lib\x86" /LIBPATH:C:\dev bass.lib SDL2.lib SDL2main.lib SDL2_ttf.lib opengl32.lib glew32.lib bass.lib kernel32.lib user32.lib gdi32.lib winspool.lib comdlg32.lib advapi32.lib shell32.lib ole32.lib oleaut32.lib uuid.lib odbc32.lib odbccp32.lib /MANIFEST /MANIFESTUAC:"level='asInvoker' uiAccess='false'" /manifest:embed /Debug /PDB:"C:\Users\Mikey\Desktop\Fireflies\Debug\Fireflies.pdb" /TLBID:1 /DYNAMICBASE /NXCOMPAT /IMPLIB:"C:\Users\Mikey\Desktop\Fireflies\Debug\Fireflies.lib" /MACHINE:X86 Debug\BloomManager.obj
         Debug\FireFlyManager.obj
         Debug\LightManager.obj
         Debug\main.obj
         Debug\NormalMappingManager.obj
         Debug\particleArray.obj
         Debug\rt3d.obj
         Debug\rt3dObjLoader.obj
         Debug\SceneManager.obj
         Debug\SkyBox.obj
         Debug\SoundManager.obj
         Debug\spotLightManager.obj
     1>MSVCRTD.lib(initializers.obj) : warning LNK4098: defaultlib 'msvcrt.lib' conflicts with use of other libs; use /NODEFAULTLIB:library
         Fireflies.vcxproj -> C:\Users\Mikey\Desktop\Fireflies\Debug\Fireflies.exe
     1>Done Building Project "C:\Users\Mikey\Desktop\Fireflies\Fireflies\Fireflies.vcxproj" (Build target(s)).

Build succeeded.

Time Elapsed 00:00:07.30
